<?xml version="1.0" encoding="UTF-8"?>
<!-- Generated by org.testng.reporters.JUnitXMLReporter -->
<testsuite ignored="0" hostname="DESKTOP-0I8CQ0P" failures="0" tests="5" name="Default test" time="36.815" errors="0" timestamp="2021-12-28T13:33:23 IST">
  <testcase classname="nbpts_admin_login.Admin_login" name="loginwithcorrectuserrname" time="6.739"/>
  <testcase classname="nbpts_admin_login.Admin_login" name="loginwithcorrectuserrname" time="4.176"/>
  <testcase classname="nbpts_admin_login.Admin_login" name="loginwithcorrectuserrname" time="4.201"/>
  <testcase classname="nbpts_admin_login.Admin_login" name="loginwithcorrectuserrname" time="4.174"/>
  <testcase classname="nbpts_admin_login.Admin_login" name="loginwithcorrectuserrname" time="6.687"/>
</testsuite> <!-- Default test -->
