<?xml version="1.0" encoding="UTF-8"?>
<testng-results ignored="0" total="5" passed="5" failed="0" skipped="0">
  <reporter-output>
  </reporter-output>
  <suite started-at="2021-12-28T13:32:47 IST" name="Default suite" finished-at="2021-12-28T13:33:23 IST" duration-ms="36815">
    <groups>
    </groups>
    <test started-at="2021-12-28T13:32:47 IST" name="Default test" finished-at="2021-12-28T13:33:23 IST" duration-ms="36815">
      <class name="nbpts_admin_login.Admin_login">
        <test-method is-config="true" signature="beforetest()[pri:0, instance:nbpts_admin_login.Admin_login@54a7079e]" started-at="2021-12-28T13:32:47 IST" name="beforetest" finished-at="2021-12-28T13:32:57 IST" duration-ms="9994" status="PASS">
          <reporter-output>
          </reporter-output>
        </test-method> <!-- beforetest -->
        <test-method signature="loginwithcorrectuserrname(java.lang.String,java.lang.String)[pri:0, instance:nbpts_admin_login.Admin_login@54a7079e]" started-at="2021-12-28T13:32:57 IST" name="loginwithcorrectuserrname" data-provider="logindata" finished-at="2021-12-28T13:33:03 IST" duration-ms="6739" status="PASS">
          <params>
            <param index="0">
              <value>
                <![CDATA[100]]>
              </value>
            </param>
            <param index="1">
              <value>
                <![CDATA[adminnnn]]>
              </value>
            </param>
          </params>
          <reporter-output>
          </reporter-output>
        </test-method> <!-- loginwithcorrectuserrname -->
        <test-method signature="loginwithcorrectuserrname(java.lang.String,java.lang.String)[pri:0, instance:nbpts_admin_login.Admin_login@54a7079e]" started-at="2021-12-28T13:33:03 IST" name="loginwithcorrectuserrname" data-provider="logindata" finished-at="2021-12-28T13:33:08 IST" duration-ms="4176" status="PASS">
          <params>
            <param index="0">
              <value>
                <![CDATA[admin]]>
              </value>
            </param>
            <param index="1">
              <value>
                <![CDATA[100]]>
              </value>
            </param>
          </params>
          <reporter-output>
          </reporter-output>
        </test-method> <!-- loginwithcorrectuserrname -->
        <test-method signature="loginwithcorrectuserrname(java.lang.String,java.lang.String)[pri:0, instance:nbpts_admin_login.Admin_login@54a7079e]" started-at="2021-12-28T13:33:08 IST" name="loginwithcorrectuserrname" data-provider="logindata" finished-at="2021-12-28T13:33:12 IST" duration-ms="4201" status="PASS">
          <params>
            <param index="0">
              <value>
                <![CDATA[adminnn]]>
              </value>
            </param>
            <param index="1">
              <value>
                <![CDATA[admin]]>
              </value>
            </param>
          </params>
          <reporter-output>
          </reporter-output>
        </test-method> <!-- loginwithcorrectuserrname -->
        <test-method signature="loginwithcorrectuserrname(java.lang.String,java.lang.String)[pri:0, instance:nbpts_admin_login.Admin_login@54a7079e]" started-at="2021-12-28T13:33:12 IST" name="loginwithcorrectuserrname" data-provider="logindata" finished-at="2021-12-28T13:33:16 IST" duration-ms="4174" status="PASS">
          <params>
            <param index="0">
              <value>
                <![CDATA[xxxxx]]>
              </value>
            </param>
            <param index="1">
              <value>
                <![CDATA[xxxx]]>
              </value>
            </param>
          </params>
          <reporter-output>
          </reporter-output>
        </test-method> <!-- loginwithcorrectuserrname -->
        <test-method signature="loginwithcorrectuserrname(java.lang.String,java.lang.String)[pri:0, instance:nbpts_admin_login.Admin_login@54a7079e]" started-at="2021-12-28T13:33:16 IST" name="loginwithcorrectuserrname" data-provider="logindata" finished-at="2021-12-28T13:33:23 IST" duration-ms="6687" status="PASS">
          <params>
            <param index="0">
              <value>
                <![CDATA[100]]>
              </value>
            </param>
            <param index="1">
              <value>
                <![CDATA[100]]>
              </value>
            </param>
          </params>
          <reporter-output>
          </reporter-output>
        </test-method> <!-- loginwithcorrectuserrname -->
        <test-method is-config="true" signature="aftertest()[pri:0, instance:nbpts_admin_login.Admin_login@54a7079e]" started-at="2021-12-28T13:33:23 IST" name="aftertest" finished-at="2021-12-28T13:33:23 IST" duration-ms="652" status="PASS">
          <reporter-output>
          </reporter-output>
        </test-method> <!-- aftertest -->
      </class> <!-- nbpts_admin_login.Admin_login -->
    </test> <!-- Default test -->
  </suite> <!-- Default suite -->
</testng-results>
